warning: TUI Launching...
  (hive 0.2.14) lib/hive/cli.ex:42: Hive.CLI.launch_tui/0
  (elixir 1.19.5) lib/kernel/cli.ex:141: anonymous fn/3 in Kernel.CLI.exec_fun/2

warning: Hive.TUI.App: Initializing...
  (hive 0.2.14) lib/hive/tui/app.ex:21: Hive.TUI.App.init/1
  (ratatouille 0.5.1) lib/ratatouille/runtime.ex:155: Ratatouille.Runtime.initial_model/1
  (ratatouille 0.5.1) lib/ratatouille/runtime.ex:100: Ratatouille.Runtime.run/1
  (elixir 1.19.5) lib/task/supervised.ex:105: Task.Supervised.invoke_mfa/2

warning: Hive.TUI.App: Subscribed to PubSub
  (hive 0.2.14) lib/hive/tui/app.ex:34: Hive.TUI.App.init/1
  (ratatouille 0.5.1) lib/ratatouille/runtime.ex:155: Ratatouille.Runtime.initial_model/1
  (ratatouille 0.5.1) lib/ratatouille/runtime.ex:100: Ratatouille.Runtime.run/1
  (elixir 1.19.5) lib/task/supervised.ex:105: Task.Supervised.invoke_mfa/2

warning: Rendering...
  (hive 0.2.14) lib/hive/tui/app.ex:131: Hive.TUI.App.render/1
  (ratatouille 0.5.1) lib/ratatouille/runtime.ex:123: Ratatouille.Runtime.loop/1
  (ratatouille 0.5.1) lib/ratatouille/runtime.ex:109: Ratatouille.Runtime.run/1
  (elixir 1.19.5) lib/task/supervised.ex:105: Task.Supervised.invoke_mfa/2

warning: Rendering...
  (hive 0.2.14) lib/hive/tui/app.ex:131: Hive.TUI.App.render/1
  (ratatouille 0.5.1) lib/ratatouille/runtime.ex:123: Ratatouille.Runtime.loop/1
  (ratatouille 0.5.1) lib/ratatouille/runtime.ex:109: Ratatouille.Runtime.run/1
  (elixir 1.19.5) lib/task/supervised.ex:105: Task.Supervised.invoke_mfa/2

warning: Rendering...
  (hive 0.2.14) lib/hive/tui/app.ex:131: Hive.TUI.App.render/1
  (ratatouille 0.5.1) lib/ratatouille/runtime.ex:123: Ratatouille.Runtime.loop/1
  (ratatouille 0.5.1) lib/ratatouille/runtime.ex:109: Ratatouille.Runtime.run/1
  (elixir 1.19.5) lib/task/supervised.ex:105: Task.Supervised.invoke_mfa/2

warning: Rendering...
  (hive 0.2.14) lib/hive/tui/app.ex:131: Hive.TUI.App.render/1
  (ratatouille 0.5.1) lib/ratatouille/runtime.ex:123: Ratatouille.Runtime.loop/1
  (ratatouille 0.5.1) lib/ratatouille/runtime.ex:109: Ratatouille.Runtime.run/1
  (elixir 1.19.5) lib/task/supervised.ex:105: Task.Supervised.invoke_mfa/2

warning: Rendering...
  (hive 0.2.14) lib/hive/tui/app.ex:131: Hive.TUI.App.render/1
  (ratatouille 0.5.1) lib/ratatouille/runtime.ex:123: Ratatouille.Runtime.loop/1
  (ratatouille 0.5.1) lib/ratatouille/runtime.ex:109: Ratatouille.Runtime.run/1
  (elixir 1.19.5) lib/task/supervised.ex:105: Task.Supervised.invoke_mfa/2

